<?xml version="1.0" encoding="UTF-8"?>
<testsuite xmlns:xsi="http://www.w3.org/2001/XMLSchema-instance" xsi:noNamespaceSchemaLocation="https://maven.apache.org/surefire/maven-surefire-plugin/xsd/surefire-test-report-3.0.xsd" version="3.0" name="com.example.socialnetwork.SocialnetworkApplicationTests" time="9.126" tests="1" errors="0" skipped="0" failures="0">
  <properties>
[...]
</properties>
  <testcase name="contextLoads" classname="com.example.socialnetwork.SocialnetworkApplicationTests" time="0.008">
    <system-out><![CDATA[2026-04-03T02:06:21.385-03:00  INFO 30892 --- [           main] org.testcontainers.images.PullPolicy     : Image pull policy will be performed by: DefaultPullPolicy()
2026-04-03T02:06:21.390-03:00  INFO 30892 --- [           main] o.t.utility.ImageNameSubstitutor         : Image name substitution will be performed by: DefaultImageNameSubstitutor (composite of 'ConfigurationFileImageNameSubstitutor' and 'PrefixingImageNameSubstitutor')
2026-04-03T02:06:21.548-03:00  INFO 30892 --- [           main] o.t.d.DockerClientProviderStrategy       : Loaded org.testcontainers.dockerclient.NpipeSocketClientProviderStrategy from ~/.testcontainers.properties, will try it first
2026-04-03T02:06:21.792-03:00  INFO 30892 --- [           main] o.t.d.DockerClientProviderStrategy       : Found Docker environment with local Npipe socket (npipe:////./pipe/docker_engine)
2026-04-03T02:06:21.793-03:00  INFO 30892 --- [           main] org.testcontainers.DockerClientFactory   : Docker host IP address is localhost
2026-04-03T02:06:21.810-03:00  INFO 30892 --- [           main] org.testcontainers.DockerClientFactory   : Connected to docker: 
  Server Version: 27.5.1
  API Version: 1.47
  Operating System: Docker Desktop
  Total Memory: 7787 MB
2026-04-03T02:06:21.947-03:00  INFO 30892 --- [           main] tc.testcontainers/ryuk:0.7.0             : Creating container for image: testcontainers/ryuk:0.7.0
2026-04-03T02:06:22.112-03:00  INFO 30892 --- [           main] o.t.utility.RegistryAuthLocator          : Credential helper/store (docker-credential-desktop) does not have credentials for https://index.docker.io/v1/
2026-04-03T02:06:22.284-03:00  INFO 30892 --- [           main] tc.testcontainers/ryuk:0.7.0             : Container testcontainers/ryuk:0.7.0 is starting: 6251920914a030a40f1358ad43ca2988fb86717d50da220c79defd8af577ff60
2026-04-03T02:06:22.839-03:00  INFO 30892 --- [           main] tc.testcontainers/ryuk:0.7.0             : Container testcontainers/ryuk:0.7.0 started in PT0.891278S
2026-04-03T02:06:22.847-03:00  INFO 30892 --- [           main] o.t.utility.RyukResourceReaper           : Ryuk started - will monitor and terminate Testcontainers containers on JVM exit
2026-04-03T02:06:22.848-03:00  INFO 30892 --- [           main] org.testcontainers.DockerClientFactory   : Checking the system...
2026-04-03T02:06:22.848-03:00  INFO 30892 --- [           main] org.testcontainers.DockerClientFactory   : ✔︎ Docker server version should be at least 1.6.0
2026-04-03T02:06:22.849-03:00  INFO 30892 --- [           main] tc.postgres:15-alpine                    : Creating container for image: postgres:15-alpine
2026-04-03T02:06:22.976-03:00  INFO 30892 --- [           main] tc.postgres:15-alpine                    : Container postgres:15-alpine is starting: 2d48375f3f5de534eb402e847a2762e4c873a3a474d260b5ed41cd847eeb14ec
2026-04-03T02:06:25.312-03:00  INFO 30892 --- [           main] tc.postgres:15-alpine                    : Container postgres:15-alpine started in PT2.463447S
2026-04-03T02:06:25.313-03:00  INFO 30892 --- [           main] tc.postgres:15-alpine                    : Container is started (JDBC URL: jdbc:postgresql://localhost:54651/test?loggerLevel=OFF)
2026-04-03T02:06:25.316-03:00  INFO 30892 --- [           main] t.c.s.AnnotationConfigContextLoaderUtils : Could not detect default configuration classes for test class [com.example.socialnetwork.SocialnetworkApplicationTests]: SocialnetworkApplicationTests does not declare any static, non-private, non-final, nested classes annotated with @Configuration.
2026-04-03T02:06:25.330-03:00  INFO 30892 --- [           main] .b.t.c.SpringBootTestContextBootstrapper : Found @SpringBootConfiguration com.example.socialnetwork.SocialnetworkApplication for test class com.example.socialnetwork.SocialnetworkApplicationTests
2026-04-03T02:06:25.345-03:00  INFO 30892 --- [           main] o.s.b.d.r.RestartApplicationListener     : Restart disabled due to context in which it is running

  .   ____          _            __ _ _
 /\\ / ___'_ __ _ _(_)_ __  __ _ \ \ \ \
( ( )\___ | '_ | '_| | '_ \/ _` | \ \ \ \
 \\/  ___)| |_)| | | | | || (_| |  ) ) ) )
  '  |____| .__|_| |_|_| |_\__, | / / / /
 =========|_|==============|___/=/_/_/_/

 :: Spring Boot ::                (v3.3.1)

2026-04-03T02:06:25.470-03:00  INFO 30892 --- [           main] c.e.s.SocialnetworkApplicationTests      : Starting SocialnetworkApplicationTests using Java 23.0.1 with PID 30892 (started by Gabri in C:\Users\Gabri\OneDrive\Área de Trabalho\Programação\Social_Network_API)
2026-04-03T02:06:25.470-03:00  INFO 30892 --- [           main] c.e.s.SocialnetworkApplicationTests      : The following 1 profile is active: "test"
2026-04-03T02:06:26.188-03:00  INFO 30892 --- [           main] .s.d.r.c.RepositoryConfigurationDelegate : Bootstrapping Spring Data JPA repositories in DEFAULT mode.
2026-04-03T02:06:26.312-03:00  INFO 30892 --- [           main] .s.d.r.c.RepositoryConfigurationDelegate : Finished Spring Data repository scanning in 110 ms. Found 4 JPA repository interfaces.
2026-04-03T02:06:26.769-03:00  INFO 30892 --- [           main] o.hibernate.jpa.internal.util.LogHelper  : HHH000204: Processing PersistenceUnitInfo [name: default]
2026-04-03T02:06:26.861-03:00  INFO 30892 --- [           main] org.hibernate.Version                    : HHH000412: Hibernate ORM core version 6.5.2.Final
2026-04-03T02:06:26.892-03:00  INFO 30892 --- [           main] o.h.c.internal.RegionFactoryInitiator    : HHH000026: Second-level cache disabled
2026-04-03T02:06:27.020-03:00  INFO 30892 --- [           main] o.s.o.j.p.SpringPersistenceUnitInfo      : No LoadTimeWeaver setup: ignoring JPA class transformer
2026-04-03T02:06:27.047-03:00  INFO 30892 --- [           main] com.zaxxer.hikari.HikariDataSource       : HikariPool-1 - Starting...
2026-04-03T02:06:27.188-03:00  INFO 30892 --- [           main] com.zaxxer.hikari.pool.HikariPool        : HikariPool-1 - Added connection org.postgresql.jdbc.PgConnection@6e620fa9
2026-04-03T02:06:27.191-03:00  INFO 30892 --- [           main] com.zaxxer.hikari.HikariDataSource       : HikariPool-1 - Start completed.
2026-04-03T02:06:27.223-03:00  WARN 30892 --- [           main] org.hibernate.orm.deprecation            : HHH90000025: PostgreSQLDialect does not need to be specified explicitly using 'hibernate.dialect' (remove the property setting and it will be selected by default)
2026-04-03T02:06:28.143-03:00  INFO 30892 --- [           main] o.h.e.t.j.p.i.JtaPlatformInitiator       : HHH000489: No JTA platform available (set 'hibernate.transaction.jta.platform' to enable JTA platform integration)
Hibernate: 
    alter table if exists comments 
       drop constraint if exists FK8omq0tc18jd43bu5tjh6jvraq
2026-04-03T02:06:28.161-03:00  WARN 30892 --- [           main] o.h.engine.jdbc.spi.SqlExceptionHelper   : SQL Warning Code: 0, SQLState: 00000
2026-04-03T02:06:28.161-03:00  WARN 30892 --- [           main] o.h.engine.jdbc.spi.SqlExceptionHelper   : relation "comments" does not exist, skipping
Hibernate: 
    alter table if exists comments 
       drop constraint if exists FKh4c7lvsc298whoyd4w9ta25cr
2026-04-03T02:06:28.162-03:00  WARN 30892 --- [           main] o.h.engine.jdbc.spi.SqlExceptionHelper   : SQL Warning Code: 0, SQLState: 00000
2026-04-03T02:06:28.164-03:00  WARN 30892 --- [           main] o.h.engine.jdbc.spi.SqlExceptionHelper   : relation "comments" does not exist, skipping
Hibernate: 
    alter table if exists likes 
       drop constraint if exists FKry8tnr4x2vwemv2bb0h5hyl0x
2026-04-03T02:06:28.165-03:00  WARN 30892 --- [           main] o.h.engine.jdbc.spi.SqlExceptionHelper   : SQL Warning Code: 0, SQLState: 00000
2026-04-03T02:06:28.165-03:00  WARN 30892 --- [           main] o.h.engine.jdbc.spi.SqlExceptionHelper   : relation "likes" does not exist, skipping
Hibernate: 
    alter table if exists likes 
       drop constraint if exists FKnvx9seeqqyy71bij291pwiwrg
2026-04-03T02:06:28.166-03:00  WARN 30892 --- [           main] o.h.engine.jdbc.spi.SqlExceptionHelper   : SQL Warning Code: 0, SQLState: 00000
2026-04-03T02:06:28.167-03:00  WARN 30892 --- [           main] o.h.engine.jdbc.spi.SqlExceptionHelper   : relation "likes" does not exist, skipping
Hibernate: 
    alter table if exists posts 
       drop constraint if exists FK5lidm6cqbc7u4xhqpxm898qme
2026-04-03T02:06:28.168-03:00  WARN 30892 --- [           main] o.h.engine.jdbc.spi.SqlExceptionHelper   : SQL Warning Code: 0, SQLState: 00000
2026-04-03T02:06:28.168-03:00  WARN 30892 --- [           main] o.h.engine.jdbc.spi.SqlExceptionHelper   : relation "posts" does not exist, skipping
Hibernate: 
    alter table if exists user_followers 
       drop constraint if exists FKsauvjgnbgys3gbeharkga2omh
2026-04-03T02:06:28.169-03:00  WARN 30892 --- [           main] o.h.engine.jdbc.spi.SqlExceptionHelper   : SQL Warning Code: 0, SQLState: 00000
2026-04-03T02:06:28.170-03:00  WARN 30892 --- [           main] o.h.engine.jdbc.spi.SqlExceptionHelper   : relation "user_followers" does not exist, skipping
Hibernate: 
    alter table if exists user_followers 
       drop constraint if exists FKox7c2m7d9qhhpu45d83luq19q
2026-04-03T02:06:28.172-03:00  WARN 30892 --- [           main] o.h.engine.jdbc.spi.SqlExceptionHelper   : SQL Warning Code: 0, SQLState: 00000
2026-04-03T02:06:28.172-03:00  WARN 30892 --- [           main] o.h.engine.jdbc.spi.SqlExceptionHelper   : relation "user_followers" does not exist, skipping
Hibernate: 
    drop table if exists comments cascade
2026-04-03T02:06:28.173-03:00  WARN 30892 --- [           main] o.h.engine.jdbc.spi.SqlExceptionHelper   : SQL Warning Code: 0, SQLState: 00000
2026-04-03T02:06:28.173-03:00  WARN 30892 --- [           main] o.h.engine.jdbc.spi.SqlExceptionHelper   : table "comments" does not exist, skipping
Hibernate: 
    drop table if exists likes cascade
2026-04-03T02:06:28.174-03:00  WARN 30892 --- [           main] o.h.engine.jdbc.spi.SqlExceptionHelper   : SQL Warning Code: 0, SQLState: 00000
2026-04-03T02:06:28.174-03:00  WARN 30892 --- [           main] o.h.engine.jdbc.spi.SqlExceptionHelper   : table "likes" does not exist, skipping
Hibernate: 
    drop table if exists posts cascade
2026-04-03T02:06:28.175-03:00  WARN 30892 --- [           main] o.h.engine.jdbc.spi.SqlExceptionHelper   : SQL Warning Code: 0, SQLState: 00000
2026-04-03T02:06:28.175-03:00  WARN 30892 --- [           main] o.h.engine.jdbc.spi.SqlExceptionHelper   : table "posts" does not exist, skipping
Hibernate: 
    drop table if exists user_followers cascade
2026-04-03T02:06:28.176-03:00  WARN 30892 --- [           main] o.h.engine.jdbc.spi.SqlExceptionHelper   : SQL Warning Code: 0, SQLState: 00000
2026-04-03T02:06:28.176-03:00  WARN 30892 --- [           main] o.h.engine.jdbc.spi.SqlExceptionHelper   : table "user_followers" does not exist, skipping
Hibernate: 
    drop table if exists users cascade
2026-04-03T02:06:28.178-03:00  WARN 30892 --- [           main] o.h.engine.jdbc.spi.SqlExceptionHelper   : SQL Warning Code: 0, SQLState: 00000
2026-04-03T02:06:28.178-03:00  WARN 30892 --- [           main] o.h.engine.jdbc.spi.SqlExceptionHelper   : table "users" does not exist, skipping
Hibernate: 
    create table comments (
        created_at timestamp(6) not null,
        updated_at timestamp(6),
        id uuid not null,
        post_id uuid not null,
        user_id uuid not null,
        content TEXT not null,
        primary key (id)
    )
Hibernate: 
    create table likes (
        liked_at timestamp(6) not null,
        id uuid not null,
        post_id uuid not null,
        user_id uuid not null,
        primary key (id)
    )
Hibernate: 
    create table posts (
        created_at timestamp(6) not null,
        updated_at timestamp(6),
        id uuid not null,
        user_id uuid not null,
        content TEXT not null,
        image_url varchar(255),
        primary key (id)
    )
Hibernate: 
    create table user_followers (
        follower_id uuid not null,
        user_id uuid not null,
        primary key (follower_id, user_id)
    )
Hibernate: 
    create table users (
        created_at timestamp(6) not null,
        updated_at timestamp(6),
        id uuid not null,
        email varchar(255) not null unique,
        password varchar(255) not null,
        profile_image_url varchar(255),
        username varchar(255) not null unique,
        primary key (id)
    )
Hibernate: 
    alter table if exists comments 
       add constraint FK8omq0tc18jd43bu5tjh6jvraq 
       foreign key (user_id) 
       references users
Hibernate: 
    alter table if exists comments 
       add constraint FKh4c7lvsc298whoyd4w9ta25cr 
       foreign key (post_id) 
       references posts
Hibernate: 
    alter table if exists likes 
       add constraint FKry8tnr4x2vwemv2bb0h5hyl0x 
       foreign key (post_id) 
       references posts
Hibernate: 
    alter table if exists likes 
       add constraint FKnvx9seeqqyy71bij291pwiwrg 
       foreign key (user_id) 
       references users
Hibernate: 
    alter table if exists posts 
       add constraint FK5lidm6cqbc7u4xhqpxm898qme 
       foreign key (user_id) 
       references users
Hibernate: 
    alter table if exists user_followers 
       add constraint FKsauvjgnbgys3gbeharkga2omh 
       foreign key (follower_id) 
       references users
Hibernate: 
    alter table if exists user_followers 
       add constraint FKox7c2m7d9qhhpu45d83luq19q 
       foreign key (user_id) 
       references users
2026-04-03T02:06:28.220-03:00  INFO 30892 --- [           main] j.LocalContainerEntityManagerFactoryBean : Initialized JPA EntityManagerFactory for persistence unit 'default'
2026-04-03T02:06:28.949-03:00  INFO 30892 --- [           main] eAuthenticationProviderManagerConfigurer : Global AuthenticationManager configured with AuthenticationProvider bean with name authenticationProvider
2026-04-03T02:06:28.950-03:00  WARN 30892 --- [           main] r$InitializeUserDetailsManagerConfigurer : Global AuthenticationManager configured with an AuthenticationProvider bean. UserDetailsService beans will not be used for username/password login. Consider removing the AuthenticationProvider bean. Alternatively, consider using the UserDetailsService in a manually instantiated DaoAuthenticationProvider.
2026-04-03T02:06:29.104-03:00  WARN 30892 --- [           main] JpaBaseConfiguration$JpaWebConfiguration : spring.jpa.open-in-view is enabled by default. Therefore, database queries may be performed during view rendering. Explicitly configure spring.jpa.open-in-view to disable this warning
2026-04-03T02:06:29.919-03:00  INFO 30892 --- [           main] c.e.s.SocialnetworkApplicationTests      : Started SocialnetworkApplicationTests in 4.574 seconds (process running for 13.948)
]]></system-out>
  </testcase>
</testsuite>